-3.351575984322348421e-17
4.383116883116824729e-03
8.766233766234046709e-03
1.314935064950361124e-02
1.753246753834884070e-02
2.191558449391380406e-02
2.629870188230097258e-02
3.068182119306457623e-02
3.506494712271827907e-02
3.944809205273359237e-02
4.383128459358762163e-02
4.821458451635647624e-02
5.259810714863853015e-02
5.698206116266556209e-02
6.136680460006359306e-02
6.575292487656224372e-02
7.014134918531858554e-02
7.453349170365401732e-02
7.900277200272497191e-02
8.344516446397563791e-02
8.796805593271284085e-02
9.254284583619207250e-02
9.721845351639903099e-02
1.020364452731933325e-01
1.070459492661269829e-01
1.124269572267376643e-01
1.181768667926043487e-01
1.244803020486880407e-01
1.315754763178870468e-01
1.396739972242486139e-01
1.491373843148584566e-01
1.603530310308786955e-01
1.738896365822805434e-01
1.903906382903154670e-01
2.106481130276523228e-01
2.357696885027702471e-01
2.669377381096533774e-01
3.058124501579239096e-01
3.540969549199660671e-01
4.140758289856559804e-01
4.885627050863565191e-01
5.806458320786087590e-01
6.943402487844902993e-01
8.341021018556188382e-01
1.005356789904007231e+00
1.214507442767128964e+00
