1.093489742006412091e-14
2.000000399126649242e+01
4.000000793670557186e+01
6.000001190613278368e+01
8.000001587550265469e+01
1.000000198449348829e+02
1.200000238151287846e+02
1.400000277892180804e+02
1.600000317771794869e+02
1.800000358052550951e+02
2.000000399345700259e+02
2.200000442936503759e+02
2.400000491343520537e+02
2.600000549261835090e+02
2.800000625273019068e+02
3.000000735212065592e+02
3.200000909643056843e+02
3.400000121780758491e+02
3.600000523969451933e+02
3.800000476981237512e+02
4.000000417458830384e+02
4.200000370409886727e+02
4.400000371968337163e+02
4.600000897773751944e+02
4.800001453872111483e+02
5.000003393872833612e+02
5.200010789595388587e+02
5.400023824304004165e+02
5.600067048023860252e+02
5.800000443666981482e+02
6.000003070244879382e+02
6.200079011662126049e+02
6.400018158073650056e+02
7.894604443974960304e+03
3.169843582425010204e+07
7.000322346672924141e+02
7.200284949417939515e+02
7.400285856392669075e+02
7.600286268169737696e+02
7.800285104671236240e+02
8.000286856606360288e+02
8.200286724188393919e+02
8.400286452799900871e+02
8.600286039845622099e+02
8.800285489411586468e+02
9.000284805998526281e+02
